3 0 261 289 
3 296 57 272 
3 180 11 76 
3 216 91 155 
3 167 295 90 
3 54 286 126 
3 85 299 292 
3 212 225 266 
3 116 217 86 
3 249 193 206 
3 75 129 154 
3 168 265 142 
3 259 187 67 
3 108 50 35 
3 87 44 233 
3 80 188 139 
3 164 32 81 
3 103 24 257 
3 41 10 124 
3 275 232 135 
3 294 102 78 
3 184 207 5 
3 148 14 250 
3 127 56 94 
3 161 38 1 
3 162 209 248 
3 13 263 297 
3 260 201 20 
3 213 230 252 
3 203 101 238 
3 95 267 143 
3 88 197 93 
3 110 196 71 
3 276 119 291 
3 159 181 51 
3 72 112 182 
3 34 141 215 
3 290 82 228 
3 285 128 222 
3 156 29 49 
3 133 48 118 
3 62 27 208 
3 92 239 151 
3 15 40 240 
3 8 236 123 
3 273 202 31 
3 136 73 45 
3 63 28 176 
3 4 219 55 
3 210 140 255 
3 107 177 264 
3 74 157 262 
3 7 205 192 
3 282 158 97 
3 271 61 178 
3 245 160 189 
3 227 25 199 
3 218 98 120 
3 150 131 47 
3 105 298 153 
3 96 172 149 
3 58 12 30 
3 19 166 69 
3 226 237 37 
3 224 254 279 
3 220 59 251 
3 185 3 194 
3 144 42 186 
3 137 190 132 
3 134 152 229 
3 125 106 100 
3 121 163 173 
3 68 253 84 
3 21 16 115 
3 284 26 247 
3 281 83 280 
3 246 288 77 
3 244 268 2 
3 243 22 278 
3 214 64 274 
3 171 256 9 
3 111 191 211 
3 99 293 169 
3 60 70 165 
3 39 283 130 
3 18 287 52 
3 277 195 231 
3 258 23 183 
3 242 145 175 
3 241 122 270 
3 204 109 66 
3 200 223 17 
3 198 104 46 
2 174 269 
2 170 6 
2 146 117 
2 114 235 
2 113 43 
2 89 147 
2 79 138 
