3 8890 7362 7264 
4 8773 8571 4022 6365 
4 7013 5969 4492 5159 
3 2384 3827 4778 
3 8670 6090 5127 
9 4679 8111 3635 5986 6588 8460 8581 8332 9533 
4 719 7506 2308 1107 
7 6252 4317 5141 7863 2873 7753 1961 
2 1135 7760 
21 7109 211 39 3496 4024 1199 1168 8431 6859 9762 2226 4900 7659 2487 5463 4886 5661 8424 7307 131 391 
15 1178 4065 2693 1435 2433 1882 7056 3235 3661 664 5749 831 3687 8959 6339 
17 6031 8546 2343 3432 4092 8857 4073 9053 6886 2392 9893 1085 7288 3797 5072 6917 2055 
4 3654 3088 5883 2806 
5 563 6583 1356 9097 8850 
2 7468 3207 
17 3696 908 5317 7635 1368 2500 4639 4480 9064 4983 7359 652 9059 5373 6124 2326 4129 
2 7227 5067 
6 3578 2486 5325 8202 8971 1254 
2 2418 4483 
2 9121 2951 
20 2015 7196 1949 4397 1297 6932 3811 592 5350 1578 7265 7233 5750 3254 3039 6187 4779 7315 8363 2876 
3 9550 8402 8753 
14 6403 2981 5593 5864 5419 7898 4419 1736 4811 8923 3749 6933 6390 1288 
3 6321 7015 4700 
2 7716 5886 
2 2176 9693 
21 9913 1421 6173 8020 708 2470 2612 3135 412 6262 7046 3085 2011 5385 8561 9076 6914 3023 2843 2492 5175 
22 8758 9636 493 4815 9815 127 6597 5829 7769 4358 7497 1058 2753 8027 6577 3312 8704 8866 7069 1829 7251 143 
2 8227 6018 
25 7913 7097 7028 5710 9743 7668 448 3798 5094 5801 4862 7871 5353 8689 4251 8778 8060 8322 5197 1526 6700 5095 7402 9608 3723 
4 3647 8047 6285 144 
2 3321 7482 
20 1105 6208 5437 8500 9438 4939 2534 4550 3210 4915 6478 8997 3034 2222 3935 4015 5910 5563 3630 4817 
20 8878 8792 2112 1113 3439 4930 7643 5481 7680 3788 7771 3300 522 5401 5257 6769 5825 2334 8384 5592 
5 6039 1956 3324 7904 8802 
4 4829 1140 0 7568 
17 311 4629 8038 9741 5559 7662 3508 7930 3350 7305 2628 1156 1699 1093 9638 4268 4186 
2 7948 1190 
21 9449 9920 313 2928 4089 254 6416 9508 536 546 6326 3137 2405 5589 1289 6869 2993 9878 5788 5063 900 
2 5991 9520 
12 5649 5914 8244 6460 3915 8554 8679 605 1849 4339 5157 5828 
4 8184 943 5950 2625 
2 7325 9359 
2 2736 7376 
11 8578 7383 3389 8031 8299 2795 1659 5555 1982 73 6828 
2 3202 6600 
2 9459 4325 
3 8965 6960 6080 
20 7862 5307 1459 8595 5698 285 2348 9584 3102 6346 3392 1618 5164 5564 1987 4925 8199 7722 5190 6770 
2 3358 9530 
15 1563 8245 6197 5733 6264 6006 6962 8347 7697 7408 6207 6348 5130 611 2252 
3 3708 5979 9601 
25 549 1866 6633 7198 2714 7927 209 35 8995 3502 8631 559 3315 9784 6116 9239 8233 7094 5793 4298 8092 8358 1682 7146 8113 
2 8967 9910 
32 1776 4788 6694 7114 2748 5049 8254 4202 6255 1863 8035 7448 6580 9844 1255 9441 3454 9240 686 5827 2844 8427 7107 8186 6355 4967 2815 18 5459 1923 9387 3517 
3 9927 9569 7105 
29 2735 1335 5445 1353 2233 1372 4437 2495 3073 1755 8795 4875 2527 2415 7498 7562 320 2561 7788 7651 3506 3001 8206 5346 9967 8276 7242 6650 9203 
2 1192 8330 
2 7575 7621 
2 5480 3638 
19 4948 5721 3833 5917 6647 5426 9516 4584 5941 7749 6726 4188 5181 5505 5789 5961 5705 1216 8625 
19 4644 7534 9649 7737 9381 6274 5379 2311 9403 4373 9431 5117 3303 5110 2872 8893 6300 2926 2508 
5 6912 174 2593 3134 9876 
2 2573 5891 
2 6377 4949 
2 5983 766 
3 3608 4736 1064 
2 2718 8000 
24 768 3311 4648 3409 7585 2031 3116 2209 3594 4773 3570 1746 97 3750 6926 1034 350 5643 764 4275 6158 6994 579 4374 
2 7804 7522 
7 2297 2099 7844 532 7992 1549 9637 
11 666 1695 2678 184 4972 8598 4672 6968 2998 2134 4197 
1 4887 
36 3580 6160 3168 8302 8376 6558 7546 9640 2904 507 9180 1729 9948 4819 1325 7164 8807 9474 4351 152 2990 7072 8668 752 9903 3223 3943 9145 6693 9486 5232 2289 6136 2704 1089 9196 
3 3147 9914 1478 
2 306 8994 
28 7957 4637 2559 6529 3596 8209 1251 7117 2118 565 2305 4558 7710 3036 6484 867 5045 8494 9270 456 2358 7529 9911 1789 3733 4191 8718 1378 
1 2591 
4 8711 9740 9642 7460 
2 8088 2669 
1 7110 
1 5982 
29 3090 7429 7499 6044 3276 2426 1588 9030 1326 511 8285 645 9177 7679 8819 5375 4121 3776 1388 6431 1011 2283 1092 7426 5316 6291 5485 7783 4488 
4 1803 5975 7767 8046 
31 1560 8395 1332 477 8932 2838 3424 277 720 533 4686 9872 4123 6009 6910 8918 6856 6920 2852 2498 155 2672 1648 198 8126 7038 441 7800 7112 3620 1559 
2 476 7600 
15 7108 7113 4853 6056 4830 6363 11 8471 5763 8064 9760 4735 7842 4220 3820 
2 3539 6441 
2 2660 3246 
2 1399 7458 
39 1209 7928 4307 3527 4693 7104 6168 3947 6836 1830 3816 7683 7637 2781 3493 8378 8368 3675 6491 4274 1239 7830 907 8475 8284 8004 6720 5286 5338 5274 3026 8608 7826 898 7160 5876 3500 4719 8012 
31 9313 2356 5598 6269 1170 9473 2106 1530 3068 7638 6550 6293 5260 6512 6921 2477 928 9110 1786 815 6557 7326 2871 858 4737 3427 3059 4928 7241 6637 5147 
2 5091 8722 
1 1880 
2 8071 9049 
29 5934 4618 5086 4377 8739 4635 8573 1267 3566 6399 2075 4366 7414 2513 3946 7627 816 6820 9324 1486 7670 7240 9170 4174 1484 5676 3665 1808 7641 
1 4796 
2 4027 7813 
3 1817 4476 1403 
2 9954 1284 
2 9483 1546 
18 6745 4255 9845 640 1913 8830 9232 2197 4100 5997 4745 2749 6775 7268 8751 7978 9024 9198 
2 4011 5578 
37 3055 4842 1993 219 6404 6199 3196 4184 6202 6409 5303 378 9002 7245 8827 895 4224 8058 5172 3141 484 5023 7351 2875 5372 7294 5033 1347 7736 5264 8765 7617 6872 3304 8622 5775 6350 
3 1874 4868 5790 
1 1855 
3 1778 2177 7713 
2 364 2620 
4 8306 4390 7182 8013 
4 6879 5985 1087 2130 
2 6544 8345 
9 5332 5919 262 418 9726 8201 2579 5404 4823 
2 4411 1545 
34 4058 2986 7799 3257 7553 5487 3354 6455 6012 5156 5511 2167 4990 7903 4884 7034 7080 434 1264 4947 2713 5042 6823 5943 6957 2824 2342 619 7454 6322 6314 9123 9915 8211 
11 1973 384 613 9798 9056 8286 1694 8162 8538 5294 9484 
3 499 641 3755 
2 9925 923 
33 7929 222 5860 4882 7435 2742 2074 6951 6903 9712 9392 8909 5782 5725 6839 4453 6692 67 851 8927 7675 9480 5755 8172 8685 1801 2725 1952 7781 5545 6505 6518 204 
4 7355 8422 5272 2090 
1 5903 
32 4435 2869 5222 1512 4414 6924 3601 2455 9926 3632 2000 5287 9158 3554 1276 1453 7503 7187 1075 7286 5981 4626 3296 7854 3015 5489 4230 9126 3612 7969 5265 8865 
2 3936 5573 
3 3381 7655 644 
2 2212 4417 
2 2053 4023 
28 1269 7329 3104 8040 2523 164 3818 9429 7492 6698 8214 9512 7918 5005 153 5105 21 9258 3955 8409 6256 6049 4162 3214 770 8078 630 3064 
28 1040 8564 7229 3540 4112 8447 2132 210 6475 6062 141 3949 3173 6622 7130 1187 8805 9028 4212 5924 1881 6153 6217 926 6631 6534 8154 2658 
11 873 8599 9509 8845 6760 8943 7290 648 6242 8311 5077 
11 368 3767 6581 4950 9708 1096 5618 3492 750 5669 8499 
22 9864 3430 7709 9647 5990 7870 5021 4209 7386 2156 4754 767 7560 9780 8006 8221 6761 8716 3679 8001 8265 3378 
27 9563 9979 4098 696 3197 5393 2293 5006 2566 168 9757 3537 5628 6618 7037 3278 7610 6513 9978 2191 4412 9148 5414 488 5688 1304 5784 
2 9252 2265 
2 8192 3861 
2 7444 6143 
13 7347 9436 7924 6522 6036 5374 5298 3158 9895 4500 5664 8195 383 
10 7346 1037 9021 1548 1360 5258 995 5138 7450 5953 
15 4467 6319 6855 3659 5288 9605 1036 8473 8623 4946 7095 2131 7625 2203 4600 
16 3291 7483 6059 9157 8906 7966 738 4051 8828 2391 4780 3956 9756 6214 6087 6010 
2 1208 1998 
1 9287 
1 8563 
2 7779 1114 
5 9251 5742 8913 6606 1293 
2 8303 9489 
36 8292 3281 61 6361 3249 739 2147 9104 8915 9654 2140 2235 330 5622 6272 8585 586 1496 425 7148 3547 2279 7385 9686 3801 3187 4468 7518 8908 562 4375 2294 9940 6241 2409 1150 
1 7206 
36 6381 1664 9207 5971 5387 4885 5112 2520 8979 5214 4980 4299 4115 7994 5234 4409 7457 6352 2246 7176 8872 5976 4871 8258 1485 261 4166 8317 8264 3868 1847 1906 1643 6250 7115 8196 
2 5441 5230 
20 5245 9090 7319 5920 4405 5054 7730 4107 5764 582 388 4144 3299 220 1615 3890 7997 6911 4189 8100 
34 4758 3555 7141 55 3640 1734 2230 6420 5158 6526 4034 6216 7342 4403 6389 8741 275 9379 8540 936 2447 5122 3711 8875 226 727 3941 7395 82 5432 8467 9606 4695 4296 
28 4078 3149 4495 1492 8736 9851 1674 5771 498 8173 7732 7282 7595 2568 7014 3959 8904 4675 9553 9843 4565 6578 6792 2995 4231 6958 4994 6060 
2 3760 218 
2 3362 835 
1 1339 
30 1273 6961 8675 6767 3294 7846 6741 4848 318 7174 7548 2473 115 1521 5933 5603 4256 688 9624 8010 1933 7945 3018 8528 912 7317 8507 411 432 7601 
25 1194 5377 3865 3403 9385 3338 5830 7793 482 8291 5097 9221 836 3438 7743 8658 8050 6229 8839 914 5312 5536 5874 4341 5244 
1 1159 
2 9349 3367 
34 8950 4066 4536 3651 9544 1100 7428 9869 6474 849 6927 7364 494 8023 5879 9607 6231 4777 9917 9375 9697 4899 9957 7200 6230 323 7343 5203 6330 4911 7039 9517 5065 7611 
35 7657 1833 2327 4873 9347 3208 9306 4194 9813 8309 9705 6710 4246 3938 9419 9127 9923 9505 871 9980 7770 3754 5092 2142 3613 6429 940 4380 2218 834 9389 1074 6731 1472 1562 
25 6541 1724 9291 1323 2436 9412 1959 8991 7934 95 3530 5382 7334 249 1519 1166 7125 2811 359 1927 5812 9253 3703 3322 1375 
1 6527 
1 6517 
2 6190 3559 
2 4717 2709 
1 4471 
2 3614 4321 
36 474 1097 9020 554 1609 5034 2975 1010 8410 7277 8937 3721 9062 1152 4270 6178 1448 9075 9800 9351 5635 2144 7099 7921 3013 62 6014 5823 1126 7828 2623 7896 6405 1599 635 3110 
3 9377 6521 8301 
25 8102 3655 6794 6735 9011 2731 4854 9819 2250 9297 4645 137 6495 4430 3154 8181 600 5518 3071 4548 8468 4473 4671 9599 4399 
2 7464 1018 
30 5018 1315 3817 9463 6875 328 5507 5816 6645 3468 1873 1256 4141 2556 1963 4992 8307 1253 8516 9849 2646 9862 1021 8619 3837 160 1641 3184 9354 6494 
18 4352 5679 5913 7296 3609 9687 9894 4004 9181 7932 3198 5176 7378 307 5570 1642 3041 4841 
21 3693 6150 3557 2896 442 5724 4602 66 15 3232 5344 4810 3503 3526 9124 7423 7051 8389 2337 7228 6569 
1 3560 
26 2944 4475 5500 9804 4673 7209 6615 1537 1947 6247 3685 1217 6612 7101 5255 9788 9122 7607 5355 2002 706 746 3978 9323 9875 5718 
32 1867 7401 2912 2828 9405 8484 9744 3050 5291 502 846 3669 4147 4652 5770 2033 5689 1383 2552 8844 7461 6344 2001 3595 4284 9767 3019 3681 755 9220 4968 3000 
2 1381 6834 
2 1376 9921 
11 1002 3751 4898 9941 9541 3256 8756 2582 594 6384 7059 
1 1000 
1 492 
28 7952 4687 1794 6843 5743 2422 8832 3017 9613 284 3117 1352 3205 3624 7267 1236 5099 8281 9471 7706 9017 7688 6614 5889 9067 4324 1691 4292 
1 7581 
37 7561 8420 4601 3697 2738 5875 3891 608 4794 7255 199 1550 1272 7759 8529 9458 2126 7628 6451 4472 4964 2916 495 9444 9665 1331 8457 6948 6427 6015 7660 6294 1312 2890 9676 3954 4883 
28 7119 7711 1407 5237 7224 825 8157 5711 5815 4119 2368 7479 4654 991 8493 9132 9143 9437 1732 1007 393 291 2488 8226 1731 7590 4750 443 
33 6822 423 4008 8024 315 2711 3092 1223 41 3445 6058 5135 5888 9836 369 8237 7466 2670 537 8325 9597 7331 5114 1743 6157 2911 2689 8364 6051 1202 8238 8057 9770 
29 6466 8708 9514 2296 5727 4706 4455 7248 7430 9464 5779 5124 636 938 490 2694 9821 6880 528 3076 3832 3684 4612 2353 6323 7057 8275 6477 1226 
34 5717 489 6263 1384 6849 5744 4170 4575 7648 1527 2518 7686 3866 6078 4371 1201 578 1436 7614 6681 4406 3846 470 4001 8045 6038 6728 4668 1462 7052 5431 2300 1645 1898 
1 5226 
1 5071 
1 4941 
27 4309 9325 4894 6740 3779 9830 5663 3114 3325 2551 7344 8667 2323 5364 2052 9333 4595 3752 1854 362 8523 5561 6999 4961 6434 9747 5855 
33 4214 29 6189 9820 2942 8435 8203 2657 7465 5955 4028 3433 7882 3759 9731 1791 2790 8760 1720 2504 214 2004 7168 3567 1420 8759 4812 4757 5599 3856 944 5331 9906 
33 3371 8728 9523 7188 4208 3951 5510 2784 9469 1313 6186 9179 9527 100 9962 7135 7609 5250 1753 1291 7216 803 1298 3404 9093 78 8771 8818 3702 8452 2629 3238 7899 
1 2887 
1 2758 
33 1992 297 9187 8489 7180 2899 892 5890 5636 718 5120 2982 633 5240 8079 2330 1203 3211 2115 9998 2768 8931 4097 2139 8140 4322 6432 9413 4563 948 4127 2862 5848 
2 8968 5254 
1 7433 
2 7284 4604 
1 6686 
29 5868 3457 273 3410 1637 457 9586 428 6430 6066 6902 9729 3054 235 4892 4263 6102 7897 8886 7815 8663 5778 2595 9448 2258 9488 7192 8333 1207 
2 5371 1022 
4 4520 5281 8048 3069 
2 4070 3870 
1 2528 
34 2247 9581 1815 9698 7889 9246 9087 530 2539 4088 2333 2999 292 6446 9617 1864 286 2842 9889 2057 3722 7488 6824 3828 9047 7291 9040 8095 2310 2373 7348 5960 5048 4425 
2 9763 2448 
2 9044 240 
1 8824 
1 7632 
4 7613 9750 1426 251 
30 6670 117 24 8787 2538 1689 4164 5017 9549 7380 5352 2673 3319 9742 7516 7275 3027 8933 3501 3165 3519 7703 1262 6445 9749 6539 2961 392 1825 8898 
28 6412 3988 5902 8698 2603 2424 2649 7337 9138 9897 354 8481 5610 8935 2943 5107 2003 9667 6632 7777 9745 4859 6976 3283 4354 4448 2251 9461 
31 5970 672 6002 5615 3579 6851 6669 4807 3199 2754 1186 3802 1937 8110 3466 5391 9384 8127 9113 6661 3484 5068 8315 1772 1795 4272 6335 8888 8607 3279 2329 
32 5693 9901 3333 658 4781 4546 9595 5189 4349 6567 9751 1346 6523 2453 3465 8160 4278 7785 7425 5484 5186 4252 571 4427 8949 3206 8454 8964 2594 1301 8862 2321 
23 5324 2135 5769 3990 5654 7768 8803 615 8682 3789 6222 1433 7194 7672 698 884 6847 9528 5348 2196 6371 8503 3781 
14 4048 4523 6382 1775 4809 1296 4567 9739 3243 4000 5084 590 8375 1950 
33 3629 6815 6424 7293 1784 6239 1218 2537 9071 4666 2119 6357 9975 6584 8504 74 1561 6106 6396 9175 1428 5004 3447 4340 9518 1926 9660 7310 8613 7751 7390 5044 9013 
30 3030 3692 5881 3236 4428 6747 2143 3510 1260 4245 2178 3583 7041 886 7150 5008 3221 1259 3689 6072 7053 8124 3670 6624 6766 7391 7356 5873 1157 1602 
32 2695 2008 8179 1414 1651 6304 1995 6003 1628 1460 7438 2937 8506 4415 3906 2314 2796 6772 3237 9079 2948 8936 6988 2204 8411 7559 7973 4236 3417 5011 1173 5547 
4 2346 3028 1327 3153 
2 2288 3288 
10 1319 1706 8946 4363 7917 5977 5439 9454 9304 231 
4 1067 3507 2491 3857 
1 978 
33 622 580 8271 5218 9128 3029 2511 3603 4705 2686 6034 4064 5678 6380 5433 4832 8272 5123 1130 7615 9812 4569 1056 8678 1358 1624 7859 3715 4501 2830 5078 6093 4790 
30 187 3156 677 3758 3575 9255 150 2973 6711 7666 9832 7162 7019 4656 7103 7811 5452 5708 8550 7507 1818 25 1964 1608 4936 712 6464 3413 7742 6127 
31 9084 2941 7640 7849 7398 627 3067 3459 4761 3966 5686 9737 4872 9822 6596 5101 9160 4701 5852 2048 1925 5820 673 5893 3179 9206 7989 430 7980 265 587 
2 7684 7432 
35 7070 84 157 9046 7230 4223 661 3461 8462 6804 975 3830 3740 4913 5756 5082 6120 6696 8339 508 1320 985 4625 9856 3282 7841 2148 1764 1174 8405 3872 182 3741 9312 5665 
1 6753 
13 5562 6548 5134 798 1744 6146 205 324 1333 8137 7393 4554 7855 
2 5553 89 
2 4646 1452 
31 3442 3471 6783 2531 8630 6004 9806 4225 7085 9078 3220 6402 1553 5994 3099 9810 3625 243 9366 487 647 7919 9173 9094 5980 3431 8183 9656 7184 148 3259 
9 3193 2359 264 9644 1940 9266 879 3903 3626 
1 2939 
33 2061 5424 5716 6654 1013 2791 9274 200 5535 5818 2783 2605 9477 5477 7382 9543 7043 5457 5557 4944 3645 3222 7271 5140 2027 6225 5178 3091 6032 2457 5118 3478 2764 
37 1978 6689 8587 190 2536 3384 8629 4910 8448 4020 4137 415 4344 8851 9440 8116 1393 8334 4335 2558 5002 7179 4357 5805 6617 1183 4215 5916 5703 3563 5926 6295 7024 5978 5390 7950 8789 
31 1757 3855 8406 6115 8566 1363 5699 1221 1797 656 9364 5962 6907 6864 2407 9795 9299 8755 3599 7260 4710 2022 7584 2168 1673 9540 9567 8451 7744 7261 6721 
7 1146 3272 6520 556 2070 1594 6444 
3 872 3705 8572 
30 568 6695 3743 5027 2123 271 1121 212 6340 8187 830 6132 3524 3970 377 454 4074 9083 2517 8852 9193 8537 1397 1542 4747 5937 7157 4640 5410 2276 
33 9847 9283 606 1447 9052 1852 6756 6473 8823 6742 8989 4481 2217 1311 106 9620 7078 777 4988 7707 9153 8469 1960 3365 5215 7371 6046 4303 2698 5931 2389 1139 1718 
6 9186 3252 3536 3730 994 9887 
1 8596 
2 7909 3111 
26 6913 5858 3245 1773 409 5626 1792 989 8190 7933 1685 6868 7926 5532 5104 77 2553 6388 5053 2615 4998 5202 7836 3929 8861 1636 
33 6724 6807 113 1838 8055 8774 9965 248 439 7690 2577 6244 380 990 8945 808 4012 624 2546 7872 3634 4963 8558 3058 6028 7044 3248 8714 9271 7100 4040 3012 5456 
23 6663 1305 541 864 9191 326 8224 1655 6503 9466 7211 4709 5062 6680 6042 8958 9447 3660 1821 7218 4069 8441 6011 
7 4528 3809 54 9257 1322 6191 5817 
1 4469 
7 4006 389 1623 8879 2499 3637 1120 
2 3341 7519 
28 2519 88 5497 726 6877 6765 951 1640 1430 2984 7411 643 2383 987 1513 1787 7142 134 4517 6810 2091 1390 7295 8165 8216 702 8870 868 
26 2465 4059 5299 8073 2642 965 8274 7692 1565 3829 3429 6737 7316 1781 6129 1666 351 7031 6302 9290 1730 1205 2318 2361 1204 7405 
1 1555 
10 1529 9732 6104 2933 6145 6311 6687 7623 8215 4662 
9 1023 9372 5597 471 5625 4901 2243 2750 5631 
31 375 5161 2278 567 3148 9137 6068 8786 3066 3375 7494 9042 1487 3393 9065 3007 3565 3867 2680 6679 6211 4234 2834 5470 4210 1280 9057 8082 7436 1633 7814 
22 303 7040 4346 769 3739 4450 984 7829 6925 2882 5619 9130 2769 3305 189 3330 3745 2237 5531 9259 7878 7311 
1 9824 
34 9619 519 2774 19 4583 1625 2401 839 1777 2825 9557 6279 7010 6426 5074 1904 2850 8109 4912 2063 8297 8643 8969 7589 8270 6542 7739 3390 1473 7008 176 6439 20 4277 
8 9346 4361 4678 8369 4759 4273 8900 2145 
29 8731 9409 8559 6952 902 6786 1970 2198 5662 7816 967 230 6452 4533 151 8532 6682 693 8417 8164 7470 8837 2050 2692 13 108 4577 4490 452 
3 8253 4337 4332 
26 8204 2313 7455 1605 7129 7451 2963 332 8868 4938 1474 5847 3453 1282 9604 9908 581 4221 5670 1457 6561 207 1893 8934 3633 1705 
5 7122 4052 9465 4506 1088 
30 6901 3444 3025 6900 9452 8277 3910 1518 6922 6029 5656 8367 9949 2128 4347 8316 2966 8413 1819 1229 6226 4262 6267 1936 6037 79 1086 9004 3533 3289 
32 6198 585 7318 6780 8104 6053 9487 497 4953 9012 1693 146 2969 8037 6946 6454 3999 319 1235 6543 1117 6791 6790 4176 4513 5644 5612 5248 4240 7758 1191 4158 
32 4494 7965 7475 7864 7512 3572 6206 9109 1634 267 1369 3896 843 8444 6386 8288 9397 3489 9877 3360 6303 8914 340 9399 1366 3434 9280 911 8053 4378 7714 9380 
31 4379 741 2020 9935 8586 513 3368 601 1843 98 3414 2442 5838 2702 6333 4163 2501 2715 9583 3452 2676 6254 3234 165 5773 4333 7530 7079 2922 6470 2038 
33 4071 1543 6916 7186 9406 5517 6192 6493 4153 1500 3615 9492 8747 8951 300 7558 4068 8785 5878 7340 4060 2936 503 8829 4239 5840 3548 2098 2697 3762 7054 8497 8770 
26 3607 3869 583 1860 2006 6164 1869 8133 5347 6729 7191 379 1660 8617 9103 2851 3061 6320 7970 5333 5412 438 3523 913 8808 2427 
7 2866 9519 6830 5416 2953 9439 762 
2 1844 4181 
2 1626 9600 
8 1246 229 8891 9301 4691 322 9311 729 
28 1138 6706 8518 7810 9733 8978 4630 935 7193 5409 9100 2240 2192 5608 9593 9029 4135 6315 2404 8476 4738 9358 5776 8114 1400 1905 3914 9522 
5 23 8982 8606 8633 888 
1 9868 
10 9249 1442 8153 420 3125 9467 7338 26 4922 1972 
8 9019 1713 8998 8948 2847 8666 7673 4978 
1 8730 
1 8727 
7 8719 1670 2269 9663 6099 2818 7509 
30 8520 8086 3049 9996 8449 6410 7000 8940 7535 6716 1725 5064 9230 5247 4503 8304 6249 8335 6827 4541 7582 3031 9535 8999 7181 9025 3347 3836 3860 86 
28 8477 5335 1066 5295 2382 4826 47 6360 7579 3227 3940 509 3293 1538 9661 9050 2728 2175 6506 6278 9861 9668 5607 7946 603 8463 3349 5423 
1 7678 
1 7025 
4 6515 9451 6349 1931 
8 4838 9999 129 1851 2202 685 632 2909 
8 4588 7835 6725 6759 8907 5811 7476 6193 
1 4557 
7 4301 8815 5753 5024 8336 8838 2816 
29 4150 1735 3667 6139 5808 1697 4154 8338 8346 8653 4205 1245 1601 8434 1016 408 9231 2088 2394 7566 2481 631 9791 1153 5047 6918 9753 1185 7111 
10 3729 8975 6935 4122 548 8526 1225 2848 170 7349 
37 3167 8175 9305 6656 1438 1630 3176 5089 3991 3602 3541 6563 2651 2570 3701 5116 2809 7532 397 161 1461 1008 3874 8974 6240 2756 4579 2229 7096 6683 2849 7667 5754 3611 5896 3480 6492 
10 2751 9754 9919 8340 6397 1837 3898 5493 7784 3286 
1 2430 
8 2412 486 7189 7496 4383 5973 4047 3525 
32 1515 1888 3239 6502 7287 3773 4863 4003 7434 9537 6356 4099 5495 6313 3476 9388 6223 7857 2443 3973 242 6604 9899 5677 4438 7892 4108 4510 2617 9977 6955 6185 
33 1005 8509 2324 7612 699 8715 3989 4080 3490 9353 6984 4615 5701 6832 979 8876 1391 5702 4235 6387 5810 9092 8017 2120 5490 8565 8790 1258 3094 3456 9184 9250 2618 
1 820 
1 773 
38 734 4586 3546 8213 2079 945 4200 8574 9874 9382 2967 172 3605 8835 853 290 4410 8816 8953 6699 8492 6866 202 3597 6131 7583 5448 8052 6406 7388 4061 1213 416 107 5774 1341 2664 5037 
10 233 3161 7280 4931 6019 1083 5544 1878 9794 1277 
1 180 
1 9723 
31 9675 5341 2507 7687 8425 6123 1142 4228 4029 7840 7665 3181 8610 9159 8988 2037 2565 3470 9001 8656 5850 9363 9672 3917 201 299 3441 5055 4077 1652 8636 
4 8788 9048 6514 8726 
29 8290 7314 6327 8464 607 3215 9190 4957 9524 4441 8761 5583 1603 6298 3511 45 7354 6709 8738 6443 8354 9772 7591 7257 1935 9993 2227 4416 9404 
4 7809 6499 446 12 
5 7453 7239 8070 3229 7204 
18 7379 6762 3826 2690 4493 8421 880 684 1525 5088 2097 6899 4753 4116 1990 1035 3792 3884 
3 7147 1015 8654 
6 7075 3694 6154 7676 5474 4054 
1 7061 
26 6607 7020 3138 6155 8784 9735 7152 657 7778 4470 6161 9298 547 6077 5326 5898 1533 8684 6354 7718 281 5912 7964 421 9146 790 
3 6591 8433 9099 
39 6228 4090 6418 6485 5213 5948 1593 3170 5060 166 3821 7876 3263 2497 1503 9631 9037 348 6672 1942 3169 7940 7508 8562 4621 1446 2350 6937 7822 6928 3301 4610 9808 49 859 6065 3848 4683 4865 
1 5968 
1 4793 
5 4138 8397 7304 142 3458 
30 3549 9393 9888 5491 4260 5466 481 3426 9575 6076 81 9858 865 6243 9539 7633 5133 1094 5739 8881 4175 9953 2822 9787 5653 8611 8905 2597 8980 2210 
4 3230 1427 3887 4310 
4 3225 8929 2298 1758 
30 2917 8703 1528 1883 2788 2335 9282 8588 7226 6575 3778 9070 5070 3905 6566 4582 4477 5083 6423 5268 7352 588 9885 7708 7832 259 9792 5588 1813 8430 
33 2883 445 1879 5227 5358 5856 1524 9633 6413 9345 9182 4880 6601 9561 6297 1464 7312 395 5167 2364 3277 4932 6555 6640 1049 3927 3676 2637 2908 9176 1887 4861 3931 
15 1206 8373 6904 5862 5851 1071 4856 9588 7106 2127 9955 6895 4286 8278 7834 
32 268 6456 7140 7156 6110 9974 3976 1955 8351 7086 3783 3840 856 5892 8652 7663 461 7971 3748 6203 2630 4647 1531 9534 1957 1380 2194 7154 3571 2940 4049 7586 
36 9752 2949 5885 8557 6658 3160 3024 3317 8198 5205 3108 3411 1723 2780 9497 9273 46 7764 9641 1294 6165 2440 6798 4007 30 8812 1554 3297 5151 5010 2858 9650 5760 2820 731 797 
27 9216 6649 5402 3918 2641 4959 6457 6547 4973 2171 4249 2923 5804 8917 9006 862 7796 9592 3642 9841 5236 8230 2133 5936 828 5616 6853 
6 8605 6665 9764 7723 3097 2606 
29 8342 8029 2026 8848 2782 6536 4657 6000 5837 4623 1443 2234 5036 9026 1431 8312 5882 5035 5529 7721 3769 6768 5550 4551 5683 2349 6074 8349 9765 
33 8329 372 3103 6135 8262 7357 1177 7372 4502 266 9118 8259 1215 5400 4857 4834 8746 1756 7879 3473 6312 8242 595 3320 3407 8393 3387 3081 1919 9365 2638 2886 6260 
5 7990 3388 7368 4803 8925 
2 7972 2007 
22 7956 2432 2429 394 9495 4624 9289 1977 6956 4636 584 2977 538 7599 1622 2894 3911 5918 6509 6621 4218 8156 
21 7891 7373 4207 8609 780 4720 8194 1721 8662 8687 6043 894 558 5152 6773 1877 6281 2730 5144 9058 962 
1 7773 
31 7399 7877 9626 8149 8021 9666 8328 6159 3512 1111 2997 6251 6133 2543 7754 52 5238 7062 7006 9080 1853 905 9245 4095 2968 2034 3180 9494 5361 4269 4242 
22 7088 2166 6884 3396 7557 9135 4404 7682 6261 9639 9229 6462 5171 723 6184 5671 9840 4952 1043 9960 5821 3313 
27 6965 4984 9852 400 874 4482 1908 417 8298 2954 3469 9322 8767 1396 1979 8107 2454 5462 7121 9502 973 1091 3505 7996 5836 998 8331 
6 6610 8139 9648 9854 9865 2814 
4 6463 5296 8762 9614 
8 6238 1131 1129 651 8641 1805 2408 8594 
1 5059 
22 4839 6277 7463 3334 2881 3051 6480 952 7746 105 2173 8661 5000 6301 9331 5482 5365 5461 1385 9891 6889 1680 
30 4525 5440 7861 7993 8699 5746 9627 3129 1986 9485 1102 5952 353 799 5632 7761 561 9880 8115 7419 8986 4165 9973 1572 8522 3113 6978 4641 1359 9476 
7 4329 3926 4926 5731 2865 4996 2671 
2 3709 8895 
1 3491 
33 3253 9003 4855 4387 2357 8713 4233 3188 1240 9657 3680 8191 942 5366 524 5208 2645 819 7328 929 3805 2524 5768 3356 5867 8142 3109 3844 5745 2010 8797 9771 8308 
7 3086 4559 9986 7954 707 2494 557 
24 3008 8458 2589 2512 2915 977 1835 2857 2706 8099 5556 714 3231 7588 5136 2739 1763 3996 855 4808 2879 6626 2677 5434 
17 2717 8780 5907 255 4433 4802 6995 6564 4142 1708 1858 5506 756 9552 3662 2786 1558 
2 2445 8825 
7 1922 576 3337 1663 8365 302 6934 
6 1785 2812 1586 6545 869 8717 
1 1344 
34 957 7911 9402 7471 8323 1030 5369 5554 435 2261 3420 4613 8188 5576 6081 5279 8766 5380 5658 9361 3919 958 5080 1590 2201 1712 5223 7577 8249 5003 7350 9555 3664 9309 
5 310 5813 3359 3771 3688 
17 9985 854 6200 7387 1676 3163 8026 361 6064 8632 3178 40 1976 8251 6616 5460 1134 
27 9679 4094 5406 4084 6245 5732 3191 2059 4326 5221 9659 4114 4498 2945 9194 3379 8097 4572 6945 33 6144 9984 2836 5446 1479 6717 845 
1 9515 
2 9418 807 
34 9140 5235 4877 7320 9768 9691 2957 730 7874 5719 1627 5674 6316 2434 1494 382 6630 5394 5650 8938 7403 1806 8197 1762 6938 3344 1895 9162 899 5609 7977 6676 2376 4140 
5 8553 8809 5198 763 7017 
28 8189 6662 1228 4196 5887 1252 5285 8348 3475 6589 2406 6989 3909 4125 776 1468 8593 1654 9501 8011 7170 7705 5467 7540 1095 4599 7733 9088 
29 6831 2720 5304 1024 8426 8902 8207 6634 1365 8768 5169 2760 4768 3428 7883 8177 9185 6483 5428 7642 5496 8568 5762 2096 748 9396 6417 9834 8036 
9 6744 1411 6801 1 7068 2155 3787 8508 4432 
6 5780 4580 3889 5408 6964 1507 
2 5513 9525 
2 5478 2463 
2 5444 437 
25 5343 3005 8158 8892 7082 1564 8614 4940 1324 1508 6850 5211 9284 8745 5320 8665 4960 9966 3516 9826 8080 784 9069 1456 124 
26 5192 961 4143 7210 3849 8440 7446 7867 9738 7792 4035 7988 2122 9478 1283 1073 5909 1119 5492 5772 2624 2747 7951 3020 8319 2897 
20 4836 9702 9105 6825 933 2291 9972 6727 7520 2740 1029 8218 9398 413 4896 6022 5549 5877 5339 4005 
1 4818 
3 4420 2502 181 
2 3824 8119 
36 3307 5300 9670 1227 5572 8370 9559 3544 6220 7172 3663 85 3194 3904 6771 1985 8018 8615 387 9983 8772 8798 5747 4692 7797 8465 3998 6990 7592 5096 8240 7720 2152 9775 5363 7093 
7 2541 2654 6501 3902 5687 3504 6 
30 2316 2571 2920 4511 9267 9890 5712 5621 1046 7762 6746 5228 8691 2125 3292 7145 6776 5524 5552 1308 7330 2381 5633 9373 1076 7175 5797 1408 3464 6212 
11 1143 7153 6174 8356 5098 5429 312 6045 7851 4530 722 
8 1061 4465 6306 8141 3014 1575 7603 4192 
4 1027 3298 8885 2521 
19 789 9503 7102 7787 5748 6270 5602 8536 4828 6089 2835 8793 3145 7671 6891 9428 31 3265 1285 
29 713 920 9799 8459 4537 4421 6942 2216 57 6538 5690 4658 6393 8182 9833 7630 2596 9755 964 4211 3558 5842 451 9211 7669 8282 667 2905 8490 
30 700 2576 9411 9166 1090 8548 4661 6125 9286 7884 6966 9761 3993 1872 4824 1768 6873 8074 9929 3598 9664 2469 5229 4974 163 9147 5895 7606 3042 6246 
41 9976 9707 8310 1406 7704 1635 6329 4935 7631 1054 3022 4297 9457 8353 1222 1232 3290 7629 8796 1587 715 7624 6619 3285 8638 3717 3747 6282 1432 5039 5993 573 8579 1611 5392 4760 3671 1242 9703 747 1009 
1 9803 
17 9579 881 6114 8721 9964 9571 9748 5660 3308 4082 3864 8478 9034 6611 4971 9714 7968 
1 9360 
31 8962 5381 7064 817 6752 7677 5425 69 8856 5541 6141 5241 4285 6094 3986 4840 9302 304 7727 9683 7729 9883 8387 7012 4261 1274 8222 2666 9119 321 2840 
29 8840 610 4056 8783 5359 3329 5540 5516 2338 950 2480 9341 9576 4561 9136 736 4442 9946 6667 4118 6325 9713 8732 3980 8295 6941 5930 7979 1439 
29 8640 4742 3564 5954 9556 5777 4507 9199 3532 5539 6359 8843 7513 8860 6540 8344 654 2416 4997 4751 1726 1292 9591 5989 3716 9215 2411 5988 7 
